=== Starting HNG13 Stage 1 Deployment ===
Logging to deploy_20251022_153905.log

[INFO] Cloning repository...
Cloning into 'hng13-stage1-devops'...
[INFO] Repository ready.
[INFO] Testing SSH connectivity...
** WARNING: connection is not using a post-quantum key exchange algorithm.
** This session may be vulnerable to "store now, decrypt later" attacks.
** The server may need to be upgraded. See https://openssh.com/pq.html
SSH OK
[INFO] Preparing remote environment...
Pseudo-terminal will not be allocated because stdin is not a terminal.
** WARNING: connection is not using a post-quantum key exchange algorithm.
** This session may be vulnerable to "store now, decrypt later" attacks.
** The server may need to be upgraded. See https://openssh.com/pq.html
   ,     #_
   ~\_  ####_        Amazon Linux 2023
  ~~  \_#####\
  ~~     \###|
  ~~       \#/ ___   https://aws.amazon.com/linux/amazon-linux-2023
   ~~       V~' '->
    ~~~         /
      ~~._.   _/
         _/ _/
       _/m/'
Last metadata expiration check: 1 day, 17:19:12 ago on Mon Oct 20 21:20:03 2025.
Dependencies resolved.
Nothing to do.
Complete!
Last metadata expiration check: 1 day, 17:19:13 ago on Mon Oct 20 21:20:03 2025.
Package docker-25.0.13-1.amzn2023.0.1.x86_64 is already installed.
Package nginx-1:1.28.0-1.amzn2023.0.2.x86_64 is already installed.
Dependencies resolved.
Nothing to do.
Complete!
Docker version 25.0.13, build 0bab007
Docker Compose version v2.27.0
nginx version: nginx/1.28.0
[INFO] Transferring project to remote server...
** WARNING: connection is not using a post-quantum key exchange algorithm.
** This session may be vulnerable to "store now, decrypt later" attacks.
** The server may need to be upgraded. See https://openssh.com/pq.html
[INFO] Deploying Docker container...
Pseudo-terminal will not be allocated because stdin is not a terminal.
** WARNING: connection is not using a post-quantum key exchange algorithm.
** This session may be vulnerable to "store now, decrypt later" attacks.
** The server may need to be upgraded. See https://openssh.com/pq.html
   ,     #_
   ~\_  ####_        Amazon Linux 2023
  ~~  \_#####\
  ~~     \###|
  ~~       \#/ ___   https://aws.amazon.com/linux/amazon-linux-2023
   ~~       V~' '->
    ~~~         /
      ~~._.   _/
         _/ _/
       _/m/'
[REMOTE] Using docker-compose...
time="2025-10-22T14:39:28Z" level=warning msg="/home/ec2-user/hng13-stage1-deploy/docker-compose.yml: `version` is obsolete"
time="2025-10-22T14:39:28Z" level=warning msg="/home/ec2-user/hng13-stage1-deploy/docker-compose.yml: `version` is obsolete"
 web Pulling 
 38513bd72563 Pulling fs layer 
 10d18f46ee87 Pulling fs layer 
 a8d825a0683a Pulling fs layer 
 a131bc1d4bd5 Pulling fs layer 
 3818929ac19f Pulling fs layer 
 1498b1cfda15 Pulling fs layer 
 c50c84d0ed4d Pulling fs layer 
 a131bc1d4bd5 Waiting 
 3818929ac19f Waiting 
 1498b1cfda15 Waiting 
 c50c84d0ed4d Waiting 
 a8d825a0683a Downloading [==================================================>]     627B/627B
 a8d825a0683a Verifying Checksum 
 a8d825a0683a Download complete 
 10d18f46ee87 Downloading [>                                                  ]    304kB/29.96MB
 38513bd72563 Downloading [>                                                  ]  303.9kB/29.78MB
 10d18f46ee87 Downloading [===========>                                       ]  7.082MB/29.96MB
 38513bd72563 Downloading [==============>                                    ]  8.516MB/29.78MB
 10d18f46ee87 Downloading [========================>                          ]  14.82MB/29.96MB
 10d18f46ee87 Downloading [==================================>                ]  20.69MB/29.96MB
 38513bd72563 Downloading [============================>                      ]  16.74MB/29.78MB
 10d18f46ee87 Downloading [===========================================>       ]  26.28MB/29.96MB
 38513bd72563 Downloading [===================================>               ]  21.34MB/29.78MB
 10d18f46ee87 Verifying Checksum 
 10d18f46ee87 Download complete 
 38513bd72563 Downloading [==========================================>        ]  25.27MB/29.78MB
 a131bc1d4bd5 Downloading [==================================================>]     956B/956B
 a131bc1d4bd5 Verifying Checksum 
 a131bc1d4bd5 Download complete 
 38513bd72563 Downloading [================================================>  ]  28.64MB/29.78MB
 38513bd72563 Verifying Checksum 
 38513bd72563 Download complete 
 38513bd72563 Extracting [>                                                  ]  327.7kB/29.78MB
 38513bd72563 Extracting [=====>                                             ]  3.277MB/29.78MB
 38513bd72563 Extracting [===========>                                       ]  6.554MB/29.78MB
 3818929ac19f Downloading [==================================================>]     406B/406B
 3818929ac19f Verifying Checksum 
 3818929ac19f Download complete 
 1498b1cfda15 Downloading [=======================================>           ]     953B/1.209kB
 1498b1cfda15 Downloading [==================================================>]  1.209kB/1.209kB
 1498b1cfda15 Verifying Checksum 
 1498b1cfda15 Download complete 
 38513bd72563 Extracting [===============>                                   ]  9.503MB/29.78MB
 38513bd72563 Extracting [==================>                                ]  11.14MB/29.78MB
 c50c84d0ed4d Downloading [==================================>                ]     953B/1.398kB
 c50c84d0ed4d Downloading [==================================================>]  1.398kB/1.398kB
 c50c84d0ed4d Verifying Checksum 
 c50c84d0ed4d Download complete 
 38513bd72563 Extracting [========================>                          ]  14.42MB/29.78MB
 38513bd72563 Extracting [==============================>                    ]  18.35MB/29.78MB
 38513bd72563 Extracting [=====================================>             ]  22.61MB/29.78MB
 38513bd72563 Extracting [==========================================>        ]  25.56MB/29.78MB
 38513bd72563 Extracting [============================================>      ]  26.21MB/29.78MB
 38513bd72563 Extracting [===============================================>   ]  28.51MB/29.78MB
 38513bd72563 Extracting [================================================>  ]  29.16MB/29.78MB
 38513bd72563 Extracting [==================================================>]  29.78MB/29.78MB
 38513bd72563 Pull complete 
 10d18f46ee87 Extracting [>                                                  ]  327.7kB/29.96MB
 10d18f46ee87 Extracting [=======>                                           ]  4.588MB/29.96MB
 10d18f46ee87 Extracting [============>                                      ]  7.209MB/29.96MB
 10d18f46ee87 Extracting [==================>                                ]  10.81MB/29.96MB
 10d18f46ee87 Extracting [========================>                          ]  14.42MB/29.96MB
 10d18f46ee87 Extracting [==============================>                    ]  18.35MB/29.96MB
 10d18f46ee87 Extracting [====================================>              ]  21.95MB/29.96MB
 10d18f46ee87 Extracting [===========================================>       ]  25.89MB/29.96MB
 10d18f46ee87 Extracting [=============================================>     ]  27.53MB/29.96MB
 10d18f46ee87 Extracting [==================================================>]  29.96MB/29.96MB
 10d18f46ee87 Pull complete 
 a8d825a0683a Extracting [==================================================>]     627B/627B
 a8d825a0683a Extracting [==================================================>]     627B/627B
 a8d825a0683a Pull complete 
 a131bc1d4bd5 Extracting [==================================================>]     956B/956B
 a131bc1d4bd5 Extracting [==================================================>]     956B/956B
 a131bc1d4bd5 Pull complete 
 3818929ac19f Extracting [==================================================>]     406B/406B
 3818929ac19f Extracting [==================================================>]     406B/406B
 3818929ac19f Pull complete 
 1498b1cfda15 Extracting [==================================================>]  1.209kB/1.209kB
 1498b1cfda15 Extracting [==================================================>]  1.209kB/1.209kB
 1498b1cfda15 Pull complete 
 c50c84d0ed4d Extracting [==================================================>]  1.398kB/1.398kB
 c50c84d0ed4d Extracting [==================================================>]  1.398kB/1.398kB
 c50c84d0ed4d Pull complete 
 web Pulled 
 Network hng13-stage1-deploy_default  Creating
 Network hng13-stage1-deploy_default  Created
 Container hng_stage1_web  Creating
 Container hng_stage1_web  Created
 Container hng_stage1_web  Starting
Error response from daemon: driver failed programming external connectivity on endpoint hng_stage1_web (5bef8469996d16f6eae5118593718e39cac6905ab433b9b0c1bb90d859f3bdfa): Error starting userland proxy: listen tcp4 0.0.0.0:80: bind: address already in use
